[05:48:50] [WARNING] mysql_connect: no password specified (C:\Users\admne\OneDrive\Рабочий стол\OurServerSAMP\ServerClean\gamemodes\project.pwn:57 -> C:\Users\admne\OneDrive\Рабочий стол\OurServerSAMP\ServerClean\gamemodes\project.pwn:51)
[06:14:32] [WARNING] mysql_connect: no password specified (C:\Users\admne\OneDrive\Рабочий стол\OurServerSAMP\ServerClean\gamemodes\project.pwn:64 -> C:\Users\admne\OneDrive\Рабочий стол\OurServerSAMP\ServerClean\gamemodes\project.pwn:58)
[06:14:39] [WARNING] mysql_connect: no password specified (C:\Users\admne\OneDrive\Рабочий стол\OurServerSAMP\ServerClean\gamemodes\project.pwn:64 -> C:\Users\admne\OneDrive\Рабочий стол\OurServerSAMP\ServerClean\gamemodes\project.pwn:58)
[06:15:11] [ERROR] error #1064 while executing query "SELECT 'id' FROM 'user": You have an error in your SQL syntax; check the manual that corresponds to your MySQL server version for the right syntax to use near ''user' at line 1 (C:\Users\admne\OneDrive\Рабочий стол\OurServerSAMP\ServerClean\gamemodes\project.pwn:90)
[06:16:43] [ERROR] error #1064 while executing query "SELECT 'id' FROM 'user": You have an error in your SQL syntax; check the manual that corresponds to your MySQL server version for the right syntax to use near ''user' at line 1 (C:\Users\admne\OneDrive\Рабочий стол\OurServerSAMP\ServerClean\gamemodes\project.pwn:90)
[06:20:16] [WARNING] mysql_connect: no password specified (C:\Users\admne\OneDrive\Рабочий стол\OurServerSAMP\ServerClean\gamemodes\project.pwn:64 -> C:\Users\admne\OneDrive\Рабочий стол\OurServerSAMP\ServerClean\gamemodes\project.pwn:58)
[06:20:51] [ERROR] error #1064 while executing query "SELECT 'id' FROM 'user": You have an error in your SQL syntax; check the manual that corresponds to your MySQL server version for the right syntax to use near ''user' at line 1 (C:\Users\admne\OneDrive\Рабочий стол\OurServerSAMP\ServerClean\gamemodes\project.pwn:90)
[06:29:03] [WARNING] mysql_connect: no password specified (C:\Users\admne\OneDrive\Рабочий стол\OurServerSAMP\ServerClean\gamemodes\project.pwn:64 -> C:\Users\admne\OneDrive\Рабочий стол\OurServerSAMP\ServerClean\gamemodes\project.pwn:58)
[07:43:38] [WARNING] mysql_connect: no password specified (C:\Dev\OurServerSAMP\ServerClean\gamemodes\project.pwn:64 -> C:\Dev\OurServerSAMP\ServerClean\gamemodes\project.pwn:58)
[07:49:58] [WARNING] mysql_connect: no password specified (C:\Dev\OurServerSAMP\ServerClean\gamemodes\project.pwn:64 -> C:\Dev\OurServerSAMP\ServerClean\gamemodes\project.pwn:58)
[08:26:10] [WARNING] mysql_connect: no password specified (C:\Dev\OurServerSAMP\ServerClean\gamemodes\project.pwn:64 -> C:\Dev\OurServerSAMP\ServerClean\gamemodes\project.pwn:58)
[08:28:44] [WARNING] mysql_connect: no password specified (C:\Dev\OurServerSAMP\ServerClean\gamemodes\project.pwn:64 -> C:\Dev\OurServerSAMP\ServerClean\gamemodes\project.pwn:58)
[08:31:49] [WARNING] mysql_connect: no password specified (C:\Dev\OurServerSAMP\ServerClean\gamemodes\project.pwn:64 -> C:\Dev\OurServerSAMP\ServerClean\gamemodes\project.pwn:58)
[09:08:13] [WARNING] mysql_connect: no password specified (C:\Dev\OurServerSAMP\ServerClean\gamemodes\project.pwn:66 -> C:\Dev\OurServerSAMP\ServerClean\gamemodes\project.pwn:60)
[09:14:47] [WARNING] mysql_connect: no password specified (C:\Dev\OurServerSAMP\ServerClean\gamemodes\project.pwn:66 -> C:\Dev\OurServerSAMP\ServerClean\gamemodes\project.pwn:60)
[09:17:50] [WARNING] mysql_connect: no password specified (C:\Dev\OurServerSAMP\ServerClean\gamemodes\project.pwn:66 -> C:\Dev\OurServerSAMP\ServerClean\gamemodes\project.pwn:60)
[09:20:15] [WARNING] mysql_connect: no password specified (C:\Dev\OurServerSAMP\ServerClean\gamemodes\project.pwn:66 -> C:\Dev\OurServerSAMP\ServerClean\gamemodes\project.pwn:60)
[09:21:45] [WARNING] mysql_connect: no password specified (C:\Dev\OurServerSAMP\ServerClean\gamemodes\project.pwn:66 -> C:\Dev\OurServerSAMP\ServerClean\gamemodes\project.pwn:60)
[10:14:42] [WARNING] mysql_connect: no password specified (C:\Dev\OurServerSAMP\ServerClean\gamemodes\project.pwn:66 -> C:\Dev\OurServerSAMP\ServerClean\gamemodes\project.pwn:60)
[10:21:09] [WARNING] mysql_connect: no password specified (C:\Dev\OurServerSAMP\ServerClean\gamemodes\project.pwn:66 -> C:\Dev\OurServerSAMP\ServerClean\gamemodes\project.pwn:60)
[10:37:39] [WARNING] mysql_connect: no password specified (C:\Dev\OurServerSAMP\ServerClean\gamemodes\project.pwn:66 -> C:\Dev\OurServerSAMP\ServerClean\gamemodes\project.pwn:60)
[10:37:43] [ERROR] CConnection::CConnection - establishing connection to MySQL database failed: #2002 'Can't connect to MySQL server on 'localhost' (10061)'
[10:37:47] [ERROR] CConnection::CConnection - establishing connection to MySQL database failed: #2002 'Can't connect to MySQL server on 'localhost' (10061)'
[10:37:51] [ERROR] CConnection::CConnection - establishing connection to MySQL database failed: #2002 'Can't connect to MySQL server on 'localhost' (10061)'
[10:37:55] [ERROR] CConnection::CConnection - establishing connection to MySQL database failed: #2002 'Can't connect to MySQL server on 'localhost' (10061)'
[10:38:24] [WARNING] mysql_connect: no password specified (C:\Dev\OurServerSAMP\ServerClean\gamemodes\project.pwn:66 -> C:\Dev\OurServerSAMP\ServerClean\gamemodes\project.pwn:60)
[11:05:32] [WARNING] mysql_connect: no password specified (C:\Dev\OurServerSAMP\ServerClean\gamemodes\project.pwn:66 -> C:\Dev\OurServerSAMP\ServerClean\gamemodes\project.pwn:60)
[00:40:03] [WARNING] mysql_connect: no password specified (C:\Dev\OurServerSAMP\ServerClean\gamemodes\project.pwn:69 -> C:\Dev\OurServerSAMP\ServerClean\gamemodes\project.pwn:63)
[01:43:44] [WARNING] mysql_connect: no password specified (C:\Dev\OurServerSAMP\ServerClean\gamemodes\project.pwn:75 -> C:\Dev\OurServerSAMP\ServerClean\gamemodes\project.pwn:69)
[01:51:15] [WARNING] mysql_connect: no password specified (C:\Dev\OurServerSAMP\ServerClean\gamemodes\project.pwn:75 -> C:\Dev\OurServerSAMP\ServerClean\gamemodes\project.pwn:69)
[02:08:26] [WARNING] mysql_connect: no password specified (C:\Dev\OurServerSAMP\ServerClean\gamemodes\project.pwn:76 -> C:\Dev\OurServerSAMP\ServerClean\gamemodes\project.pwn:70)
[02:11:40] [WARNING] mysql_connect: no password specified (C:\Dev\OurServerSAMP\ServerClean\gamemodes\project.pwn:76 -> C:\Dev\OurServerSAMP\ServerClean\gamemodes\project.pwn:70)
[02:11:47] [WARNING] mysql_connect: no password specified (C:\Dev\OurServerSAMP\ServerClean\gamemodes\project.pwn:76 -> C:\Dev\OurServerSAMP\ServerClean\gamemodes\project.pwn:70)
[03:02:04] [WARNING] mysql_connect: no password specified (C:\Dev\OurServerSAMP\ServerClean\gamemodes\project.pwn:77 -> C:\Dev\OurServerSAMP\ServerClean\gamemodes\project.pwn:71)
[03:04:42] [WARNING] mysql_connect: no password specified (C:\Dev\OurServerSAMP\ServerClean\gamemodes\project.pwn:77 -> C:\Dev\OurServerSAMP\ServerClean\gamemodes\project.pwn:71)
[03:35:47] [WARNING] mysql_connect: no password specified (C:\Dev\OurServerSAMP\ServerClean\gamemodes\project.pwn:80 -> C:\Dev\OurServerSAMP\ServerClean\gamemodes\project.pwn:74)
[03:36:36] [ERROR] error #1064 while executing query "INSERT INTO users (name, password, salt, email, ref, sex, race, age, skin, regdata, regip) VALUES ('Sakata_Onaretev', '15E01E1BE37493FC0C543282E61876BFE69FCEFEC90F4": You have an error in your SQL syntax; check the manual that corresponds to your MySQL server version for the right syntax to use near ''15E01E1BE37493FC0C543282E61876BFE69FCEFEC90F4' at line 1 (C:\Dev\OurServerSAMP\ServerClean\gamemodes\project.pwn:514)
[03:45:40] [WARNING] mysql_connect: no password specified (C:\Dev\OurServerSAMP\ServerClean\gamemodes\project.pwn:80 -> C:\Dev\OurServerSAMP\ServerClean\gamemodes\project.pwn:74)
[03:47:08] [ERROR] error #1064 while executing query "INSERT INTO users (name, password, salt, email, ref, sex, race, age, skin, regdata, regip) VALUES ('Sakata_Onaretev', '2FBBC9FD2AE0CCFF5E0C8FFD1A524CB3C476A086DF5": You have an error in your SQL syntax; check the manual that corresponds to your MySQL server version for the right syntax to use near ''2FBBC9FD2AE0CCFF5E0C8FFD1A524CB3C476A086DF5' at line 1 (C:\Dev\OurServerSAMP\ServerClean\gamemodes\project.pwn:514)
[03:50:48] [WARNING] mysql_connect: no password specified (C:\Dev\OurServerSAMP\ServerClean\gamemodes\project.pwn:80 -> C:\Dev\OurServerSAMP\ServerClean\gamemodes\project.pwn:74)
[03:51:23] [ERROR] error #1064 while executing query "INSERT INTO users (name, password, salt, email, ref, sex, race, age, skin, regdata, regip) VALUES ('Sakata_Onaretev', '8BA738275A97B3C9BFA80661E7080C00683B8A11B6C": You have an error in your SQL syntax; check the manual that corresponds to your MySQL server version for the right syntax to use near ''8BA738275A97B3C9BFA80661E7080C00683B8A11B6C' at line 1 (C:\Dev\OurServerSAMP\ServerClean\gamemodes\project.pwn:514)
[03:54:48] [WARNING] mysql_connect: no password specified (C:\Dev\OurServerSAMP\ServerClean\gamemodes\project.pwn:80 -> C:\Dev\OurServerSAMP\ServerClean\gamemodes\project.pwn:74)
[18:28:38] [WARNING] mysql_connect: no password specified (C:\Dev\OurServerSAMP\ServerClean\gamemodes\project.pwn:80 -> C:\Dev\OurServerSAMP\ServerClean\gamemodes\project.pwn:74)
[18:28:38] [WARNING] mysql_connect: no password specified (C:\Dev\OurServerSAMP\ServerClean\gamemodes\project.pwn:80 -> C:\Dev\OurServerSAMP\ServerClean\gamemodes\project.pwn:74)
[18:28:42] [ERROR] CConnection::CConnection - establishing connection to MySQL database failed: #2002 'Can't connect to MySQL server on 'localhost' (10061)'
[18:28:46] [ERROR] CConnection::CConnection - establishing connection to MySQL database failed: #2002 'Can't connect to MySQL server on 'localhost' (10061)'
[18:28:50] [ERROR] CConnection::CConnection - establishing connection to MySQL database failed: #2002 'Can't connect to MySQL server on 'localhost' (10061)'
[18:28:54] [ERROR] CConnection::CConnection - establishing connection to MySQL database failed: #2002 'Can't connect to MySQL server on 'localhost' (10061)'
[18:30:35] [WARNING] mysql_connect: no password specified (C:\Dev\OurServerSAMP\ServerClean\gamemodes\project.pwn:80 -> C:\Dev\OurServerSAMP\ServerClean\gamemodes\project.pwn:74)
[18:33:48] [WARNING] mysql_connect: no password specified (C:\Dev\OurServerSAMP\ServerClean\gamemodes\project.pwn:80 -> C:\Dev\OurServerSAMP\ServerClean\gamemodes\project.pwn:74)
[19:06:43] [WARNING] mysql_connect: no password specified (C:\Dev\OurServerSAMP\ServerClean\gamemodes\project.pwn:80 -> C:\Dev\OurServerSAMP\ServerClean\gamemodes\project.pwn:74)
[19:45:43] [WARNING] mysql_connect: no password specified (C:\Dev\OurServerSAMP\ServerClean\gamemodes\project.pwn:80 -> C:\Dev\OurServerSAMP\ServerClean\gamemodes\project.pwn:74)
[19:49:46] [WARNING] mysql_connect: no password specified (C:\Dev\OurServerSAMP\ServerClean\gamemodes\project.pwn:80 -> C:\Dev\OurServerSAMP\ServerClean\gamemodes\project.pwn:74)
[19:50:13] [ERROR] cache_get_value_name: field 'emial' not found (C:\Dev\OurServerSAMP\ServerClean\gamemodes\project.pwn:507)
[19:50:13] [ERROR] cache_get_value_name_int: field 'iskind' not found (C:\Dev\OurServerSAMP\ServerClean\gamemodes\project.pwn:512)
[19:52:22] [WARNING] mysql_connect: no password specified (C:\Dev\OurServerSAMP\ServerClean\gamemodes\project.pwn:80 -> C:\Dev\OurServerSAMP\ServerClean\gamemodes\project.pwn:74)
[19:53:14] [ERROR] cache_get_value_name: field 'emial' not found (C:\Dev\OurServerSAMP\ServerClean\gamemodes\project.pwn:507)
[19:53:14] [ERROR] cache_get_value_name_int: field 'iskind' not found (C:\Dev\OurServerSAMP\ServerClean\gamemodes\project.pwn:512)
[19:59:48] [WARNING] mysql_connect: no password specified (C:\Dev\OurServerSAMP\ServerClean\gamemodes\project.pwn:80 -> C:\Dev\OurServerSAMP\ServerClean\gamemodes\project.pwn:74)
[20:01:13] [ERROR] cache_get_value_name: field 'emial' not found (C:\Dev\OurServerSAMP\ServerClean\gamemodes\project.pwn:507)
[20:01:13] [ERROR] cache_get_value_name_int: field 'iskind' not found (C:\Dev\OurServerSAMP\ServerClean\gamemodes\project.pwn:512)
[20:03:37] [WARNING] mysql_connect: no password specified (C:\Dev\OurServerSAMP\ServerClean\gamemodes\project.pwn:80 -> C:\Dev\OurServerSAMP\ServerClean\gamemodes\project.pwn:74)
[20:13:05] [WARNING] mysql_connect: no password specified (C:\Dev\OurServerSAMP\ServerClean\gamemodes\project.pwn:80 -> C:\Dev\OurServerSAMP\ServerClean\gamemodes\project.pwn:74)
[20:15:22] [WARNING] mysql_connect: no password specified (C:\Dev\OurServerSAMP\ServerClean\gamemodes\project.pwn:80 -> C:\Dev\OurServerSAMP\ServerClean\gamemodes\project.pwn:74)
[20:16:24] [WARNING] mysql_connect: no password specified (C:\Dev\OurServerSAMP\ServerClean\gamemodes\project.pwn:80 -> C:\Dev\OurServerSAMP\ServerClean\gamemodes\project.pwn:74)
[20:17:33] [WARNING] mysql_connect: no password specified (C:\Dev\OurServerSAMP\ServerClean\gamemodes\project.pwn:80 -> C:\Dev\OurServerSAMP\ServerClean\gamemodes\project.pwn:74)
[20:26:04] [WARNING] mysql_connect: no password specified (C:\Dev\OurServerSAMP\ServerClean\gamemodes\project.pwn:80 -> C:\Dev\OurServerSAMP\ServerClean\gamemodes\project.pwn:74)
[20:27:29] [ERROR] error #1054 while executing query "SELECT password, salt ": Unknown column 'password' in 'field list' (C:\Dev\OurServerSAMP\ServerClean\gamemodes\project.pwn:111)
[20:29:06] [ERROR] error #1054 while executing query "SELECT password, salt ": Unknown column 'password' in 'field list' (C:\Dev\OurServerSAMP\ServerClean\gamemodes\project.pwn:111)
